2025-07-23 23:44:50,820 - INFO - 📝 搜索引擎日志记录已启动，日志文件: logs/search_engine_20250723_234450.log
2025-07-23 23:44:50,820 - INFO - 🔍 搜索引擎初始化完成，使用引擎: ['ddg', 'sogou', 'google']
2025-07-23 23:44:50,820 - INFO - 📁 缓存目录: search_cache
2025-07-23 23:44:50,820 - INFO - ⏰ 缓存过期时间: 3 天
2025-07-23 23:44:50,820 - INFO - 📁 缓存不存在或已过期，进行网络搜索
2025-07-23 23:44:50,820 - INFO - 🔍 开始搜索，使用引擎: DDG,SOGOU,GOOGLE
2025-07-23 23:44:50,820 - INFO - 📝 搜索关键词: '智能服务机器人技术分类'
2025-07-23 23:44:50,820 - INFO - 📊 最大结果数: 10
2025-07-23 23:44:50,820 - INFO - 🚀 开始 DDG 搜索...
2025-07-23 23:44:50,821 - INFO - 🦆 使用 DuckDuckGo 搜索: 智能服务机器人技术分类
2025-07-23 23:44:54,527 - INFO - ✅ DuckDuckGo 搜索成功，获得 10 个结果
2025-07-23 23:44:54,527 - INFO - ✅ DDG 搜索完成，耗时: 3.71秒，获得 10 个结果
2025-07-23 23:44:54,528 - INFO - 📊 DDG 结果统计 - 新增: 10, 重复: 0
2025-07-23 23:44:55,533 - INFO - 🚀 开始 SOGOU 搜索...
2025-07-23 23:44:55,533 - INFO - 🔍 使用搜狗搜索: 智能服务机器人技术分类
2025-07-23 23:45:01,558 - INFO - ✅ 搜狗搜索成功，获得 10 个结果
2025-07-23 23:45:01,558 - INFO - ✅ SOGOU 搜索完成，耗时: 6.02秒，获得 10 个结果
2025-07-23 23:45:01,558 - INFO - 📊 SOGOU 结果统计 - 新增: 10, 重复: 0
2025-07-23 23:45:02,561 - INFO - 🚀 开始 GOOGLE 搜索...
2025-07-23 23:45:02,561 - INFO - 📰 使用 Google News 搜索: 智能服务机器人技术分类
2025-07-23 23:45:11,069 - INFO - ✅ Google News 搜索成功，获得 10 个结果
2025-07-23 23:45:11,069 - INFO - ✅ GOOGLE 搜索完成，耗时: 8.51秒，获得 10 个结果
2025-07-23 23:45:11,069 - INFO - 📊 GOOGLE 结果统计 - 新增: 10, 重复: 0
2025-07-23 23:45:12,084 - INFO - 🎯 搜索完成！总获得 30 个原始结果，去重后 30 个唯一结果
2025-07-23 23:45:12,084 - INFO - 📋 去重率: 0.0%
2025-07-23 23:45:12,085 - INFO - 💾 搜索结果已缓存到: search_cache\621fc2573b9d83356d90b867065158b9.json
