2025-07-23 23:44:18,100 - INFO - 📝 搜索引擎日志记录已启动，日志文件: logs/search_engine_20250723_234418.log
2025-07-23 23:44:18,101 - INFO - 🔍 搜索引擎初始化完成，使用引擎: ['ddg', 'sogou', 'google']
2025-07-23 23:44:18,101 - INFO - 📁 缓存目录: search_cache
2025-07-23 23:44:18,101 - INFO - ⏰ 缓存过期时间: 3 天
2025-07-23 23:44:18,101 - INFO - 📁 缓存不存在或已过期，进行网络搜索
2025-07-23 23:44:18,101 - INFO - 🔍 开始搜索，使用引擎: DDG,SOGOU,GOOGLE
2025-07-23 23:44:18,101 - INFO - 📝 搜索关键词: '中国智能服务机器人产业规模 2023'
2025-07-23 23:44:18,101 - INFO - 📊 最大结果数: 10
2025-07-23 23:44:18,101 - INFO - 🚀 开始 DDG 搜索...
2025-07-23 23:44:18,101 - INFO - 🦆 使用 DuckDuckGo 搜索: 中国智能服务机器人产业规模 2023
2025-07-23 23:44:19,327 - INFO - ✅ DuckDuckGo 搜索成功，获得 10 个结果
2025-07-23 23:44:19,328 - INFO - ✅ DDG 搜索完成，耗时: 1.23秒，获得 10 个结果
2025-07-23 23:44:19,328 - INFO - 📊 DDG 结果统计 - 新增: 10, 重复: 0
2025-07-23 23:44:20,337 - INFO - 🚀 开始 SOGOU 搜索...
2025-07-23 23:44:20,337 - INFO - 🔍 使用搜狗搜索: 中国智能服务机器人产业规模 2023
2025-07-23 23:44:24,615 - INFO - ✅ 搜狗搜索成功，获得 10 个结果
2025-07-23 23:44:24,615 - INFO - ✅ SOGOU 搜索完成，耗时: 4.28秒，获得 10 个结果
2025-07-23 23:44:24,616 - INFO - 📊 SOGOU 结果统计 - 新增: 10, 重复: 0
2025-07-23 23:44:25,616 - INFO - 🚀 开始 GOOGLE 搜索...
2025-07-23 23:44:25,616 - INFO - 📰 使用 Google News 搜索: 中国智能服务机器人产业规模 2023
2025-07-23 23:44:34,802 - INFO - ✅ Google News 搜索成功，获得 10 个结果
2025-07-23 23:44:34,802 - INFO - ✅ GOOGLE 搜索完成，耗时: 9.19秒，获得 10 个结果
2025-07-23 23:44:34,803 - INFO - 📊 GOOGLE 结果统计 - 新增: 10, 重复: 0
2025-07-23 23:44:35,803 - INFO - 🎯 搜索完成！总获得 30 个原始结果，去重后 30 个唯一结果
2025-07-23 23:44:35,803 - INFO - 📋 去重率: 0.0%
2025-07-23 23:44:35,804 - INFO - 💾 搜索结果已缓存到: search_cache\e1e49fc4cd2ed5c69fcde38c97ad289d.json
