2025-07-24 01:01:26,470 - INFO - 📝 搜索引擎日志记录已启动，日志文件: logs/search_engine_20250724_010126.log
2025-07-24 01:01:26,470 - INFO - 🔍 搜索引擎初始化完成，使用引擎: ['ddg', 'sogou', 'google']
2025-07-24 01:01:26,470 - INFO - 📁 缓存目录: search_cache
2025-07-24 01:01:26,470 - INFO - ⏰ 缓存过期时间: 3 天
2025-07-24 01:01:26,470 - INFO - 📁 缓存不存在或已过期，进行网络搜索
2025-07-24 01:01:26,470 - INFO - 🔍 开始搜索，使用引擎: DDG,SOGOU,GOOGLE
2025-07-24 01:01:26,470 - INFO - 📝 搜索关键词: '智能服务机器人核心零部件'
2025-07-24 01:01:26,471 - INFO - 📊 最大结果数: 10
2025-07-24 01:01:26,471 - INFO - 🚀 开始 DDG 搜索...
2025-07-24 01:01:26,471 - INFO - 🦆 使用 DuckDuckGo 搜索: 智能服务机器人核心零部件
2025-07-24 01:01:28,776 - INFO - ✅ DuckDuckGo 搜索成功，获得 10 个结果
2025-07-24 01:01:28,776 - INFO - ✅ DDG 搜索完成，耗时: 2.31秒，获得 10 个结果
2025-07-24 01:01:28,776 - INFO - 📊 DDG 结果统计 - 新增: 10, 重复: 0
2025-07-24 01:01:29,777 - INFO - 🚀 开始 SOGOU 搜索...
2025-07-24 01:01:29,777 - INFO - 🔍 使用搜狗搜索: 智能服务机器人核心零部件
2025-07-24 01:01:43,696 - INFO - ✅ 搜狗搜索成功，获得 10 个结果
2025-07-24 01:01:43,696 - INFO - ✅ SOGOU 搜索完成，耗时: 13.92秒，获得 10 个结果
2025-07-24 01:01:43,697 - INFO - 📊 SOGOU 结果统计 - 新增: 10, 重复: 0
2025-07-24 01:01:44,703 - INFO - 🚀 开始 GOOGLE 搜索...
2025-07-24 01:01:44,703 - INFO - 📰 使用 Google News 搜索: 智能服务机器人核心零部件
2025-07-24 01:01:50,512 - INFO - ✅ Google News 搜索成功，获得 10 个结果
2025-07-24 01:01:50,512 - INFO - ✅ GOOGLE 搜索完成，耗时: 5.81秒，获得 10 个结果
2025-07-24 01:01:50,512 - INFO - 📊 GOOGLE 结果统计 - 新增: 10, 重复: 0
2025-07-24 01:01:51,523 - INFO - 🎯 搜索完成！总获得 30 个原始结果，去重后 30 个唯一结果
2025-07-24 01:01:51,523 - INFO - 📋 去重率: 0.0%
2025-07-24 01:01:51,524 - INFO - 💾 搜索结果已缓存到: search_cache\fd72da412421606bae52bf435a2f97ac.json
