2025-07-23 23:46:04,673 - INFO - 📝 搜索引擎日志记录已启动，日志文件: logs/search_engine_20250723_234604.log
2025-07-23 23:46:04,673 - INFO - 🔍 搜索引擎初始化完成，使用引擎: ['ddg', 'sogou', 'google']
2025-07-23 23:46:04,673 - INFO - 📁 缓存目录: search_cache
2025-07-23 23:46:04,673 - INFO - ⏰ 缓存过期时间: 3 天
2025-07-23 23:46:04,673 - INFO - 📁 缓存不存在或已过期，进行网络搜索
2025-07-23 23:46:04,673 - INFO - 🔍 开始搜索，使用引擎: DDG,SOGOU,GOOGLE
2025-07-23 23:46:04,673 - INFO - 📝 搜索关键词: '服务机器人政策支持文件'
2025-07-23 23:46:04,673 - INFO - 📊 最大结果数: 10
2025-07-23 23:46:04,673 - INFO - 🚀 开始 DDG 搜索...
2025-07-23 23:46:04,673 - INFO - 🦆 使用 DuckDuckGo 搜索: 服务机器人政策支持文件
2025-07-23 23:46:07,832 - INFO - ✅ DuckDuckGo 搜索成功，获得 10 个结果
2025-07-23 23:46:07,833 - INFO - ✅ DDG 搜索完成，耗时: 3.16秒，获得 10 个结果
2025-07-23 23:46:07,833 - INFO - 📊 DDG 结果统计 - 新增: 10, 重复: 0
2025-07-23 23:46:08,833 - INFO - 🚀 开始 SOGOU 搜索...
2025-07-23 23:46:08,833 - INFO - 🔍 使用搜狗搜索: 服务机器人政策支持文件
2025-07-23 23:46:13,624 - INFO - ✅ 搜狗搜索成功，获得 10 个结果
2025-07-23 23:46:13,624 - INFO - ✅ SOGOU 搜索完成，耗时: 4.79秒，获得 10 个结果
2025-07-23 23:46:13,624 - INFO - 📊 SOGOU 结果统计 - 新增: 10, 重复: 0
2025-07-23 23:46:14,634 - INFO - 🚀 开始 GOOGLE 搜索...
2025-07-23 23:46:14,634 - INFO - 📰 使用 Google News 搜索: 服务机器人政策支持文件
2025-07-23 23:46:20,030 - INFO - ✅ Google News 搜索成功，获得 10 个结果
2025-07-23 23:46:20,030 - INFO - ✅ GOOGLE 搜索完成，耗时: 5.40秒，获得 10 个结果
2025-07-23 23:46:20,031 - INFO - 📊 GOOGLE 结果统计 - 新增: 10, 重复: 0
2025-07-23 23:46:21,046 - INFO - 🎯 搜索完成！总获得 30 个原始结果，去重后 30 个唯一结果
2025-07-23 23:46:21,046 - INFO - 📋 去重率: 0.0%
2025-07-23 23:46:21,047 - INFO - 💾 搜索结果已缓存到: search_cache\5581988617300aa4f8f0233d300b721c.json
