2025-07-24 00:33:42,653 - INFO - 📝 搜索引擎日志记录已启动，日志文件: logs/search_engine_20250724_003342.log
2025-07-24 00:33:42,653 - INFO - 🔍 搜索引擎初始化完成，使用引擎: ['ddg', 'sogou', 'google']
2025-07-24 00:33:42,653 - INFO - 📁 缓存目录: search_cache
2025-07-24 00:33:42,653 - INFO - ⏰ 缓存过期时间: 3 天
2025-07-24 00:33:42,653 - INFO - 📁 缓存不存在或已过期，进行网络搜索
2025-07-24 00:33:42,653 - INFO - 🔍 开始搜索，使用引擎: DDG,SOGOU,GOOGLE
2025-07-24 00:33:42,653 - INFO - 📝 搜索关键词: '中国服务机器人政策文件'
2025-07-24 00:33:42,653 - INFO - 📊 最大结果数: 10
2025-07-24 00:33:42,653 - INFO - 🚀 开始 DDG 搜索...
2025-07-24 00:33:42,653 - INFO - 🦆 使用 DuckDuckGo 搜索: 中国服务机器人政策文件
2025-07-24 00:33:45,201 - INFO - ✅ DuckDuckGo 搜索成功，获得 10 个结果
2025-07-24 00:33:45,201 - INFO - ✅ DDG 搜索完成，耗时: 2.55秒，获得 10 个结果
2025-07-24 00:33:45,201 - INFO - 📊 DDG 结果统计 - 新增: 10, 重复: 0
2025-07-24 00:33:46,209 - INFO - 🚀 开始 SOGOU 搜索...
2025-07-24 00:33:46,209 - INFO - 🔍 使用搜狗搜索: 中国服务机器人政策文件
2025-07-24 00:33:55,220 - INFO - ✅ 搜狗搜索成功，获得 10 个结果
2025-07-24 00:33:55,220 - INFO - ✅ SOGOU 搜索完成，耗时: 9.01秒，获得 10 个结果
2025-07-24 00:33:55,221 - INFO - 📊 SOGOU 结果统计 - 新增: 10, 重复: 0
2025-07-24 00:33:56,224 - INFO - 🚀 开始 GOOGLE 搜索...
2025-07-24 00:33:56,224 - INFO - 📰 使用 Google News 搜索: 中国服务机器人政策文件
2025-07-24 00:34:04,819 - INFO - ✅ Google News 搜索成功，获得 10 个结果
2025-07-24 00:34:04,819 - INFO - ✅ GOOGLE 搜索完成，耗时: 8.60秒，获得 10 个结果
2025-07-24 00:34:04,819 - INFO - 📊 GOOGLE 结果统计 - 新增: 10, 重复: 0
2025-07-24 00:34:05,826 - INFO - 🎯 搜索完成！总获得 30 个原始结果，去重后 30 个唯一结果
2025-07-24 00:34:05,826 - INFO - 📋 去重率: 0.0%
2025-07-24 00:34:05,828 - INFO - 💾 搜索结果已缓存到: search_cache\f20f89018ddfc1d9379a28b9b6bb8bdb.json
