2025-07-24 00:32:21,322 - INFO - 📝 搜索引擎日志记录已启动，日志文件: logs/search_engine_20250724_003221.log
2025-07-24 00:32:21,322 - INFO - 🔍 搜索引擎初始化完成，使用引擎: ['ddg', 'sogou', 'google']
2025-07-24 00:32:21,322 - INFO - 📁 缓存目录: search_cache
2025-07-24 00:32:21,323 - INFO - ⏰ 缓存过期时间: 3 天
2025-07-24 00:32:21,323 - INFO - 📁 缓存不存在或已过期，进行网络搜索
2025-07-24 00:32:21,323 - INFO - 🔍 开始搜索，使用引擎: DDG,SOGOU,GOOGLE
2025-07-24 00:32:21,323 - INFO - 📝 搜索关键词: '智能服务机器人市场份额'
2025-07-24 00:32:21,323 - INFO - 📊 最大结果数: 10
2025-07-24 00:32:21,323 - INFO - 🚀 开始 DDG 搜索...
2025-07-24 00:32:21,323 - INFO - 🦆 使用 DuckDuckGo 搜索: 智能服务机器人市场份额
2025-07-24 00:32:28,148 - INFO - ✅ DuckDuckGo 搜索成功，获得 9 个结果
2025-07-24 00:32:28,148 - INFO - ✅ DDG 搜索完成，耗时: 6.82秒，获得 9 个结果
2025-07-24 00:32:28,149 - INFO - 📊 DDG 结果统计 - 新增: 9, 重复: 0
2025-07-24 00:32:29,158 - INFO - 🚀 开始 SOGOU 搜索...
2025-07-24 00:32:29,158 - INFO - 🔍 使用搜狗搜索: 智能服务机器人市场份额
2025-07-24 00:32:38,574 - INFO - ✅ 搜狗搜索成功，获得 10 个结果
2025-07-24 00:32:38,574 - INFO - ✅ SOGOU 搜索完成，耗时: 9.42秒，获得 10 个结果
2025-07-24 00:32:38,575 - INFO - 📊 SOGOU 结果统计 - 新增: 10, 重复: 0
2025-07-24 00:32:39,584 - INFO - 🚀 开始 GOOGLE 搜索...
2025-07-24 00:32:39,584 - INFO - 📰 使用 Google News 搜索: 智能服务机器人市场份额
2025-07-24 00:32:46,125 - INFO - ✅ Google News 搜索成功，获得 10 个结果
2025-07-24 00:32:46,127 - INFO - ✅ GOOGLE 搜索完成，耗时: 6.54秒，获得 10 个结果
2025-07-24 00:32:46,127 - INFO - 📊 GOOGLE 结果统计 - 新增: 10, 重复: 0
2025-07-24 00:32:47,139 - INFO - 🎯 搜索完成！总获得 29 个原始结果，去重后 29 个唯一结果
2025-07-24 00:32:47,139 - INFO - 📋 去重率: 0.0%
2025-07-24 00:32:47,140 - INFO - 💾 搜索结果已缓存到: search_cache\e3d1575dbf2283c8f8c050dd4aa0ecf2.json
