2025-07-24 00:12:25,503 - INFO - 📝 搜索引擎日志记录已启动，日志文件: logs/search_engine_20250724_001225.log
2025-07-24 00:12:25,503 - INFO - 🔍 搜索引擎初始化完成，使用引擎: ['ddg', 'sogou', 'google']
2025-07-24 00:12:25,504 - INFO - 📁 缓存目录: search_cache
2025-07-24 00:12:25,504 - INFO - ⏰ 缓存过期时间: 3 天
2025-07-24 00:12:25,504 - INFO - 📁 缓存不存在或已过期，进行网络搜索
2025-07-24 00:12:25,504 - INFO - 🔍 开始搜索，使用引擎: DDG,SOGOU,GOOGLE
2025-07-24 00:12:25,504 - INFO - 📝 搜索关键词: '行业发展阶段（导入期/成长期等）'
2025-07-24 00:12:25,504 - INFO - 📊 最大结果数: 10
2025-07-24 00:12:25,504 - INFO - 🚀 开始 DDG 搜索...
2025-07-24 00:12:25,504 - INFO - 🦆 使用 DuckDuckGo 搜索: 行业发展阶段（导入期/成长期等）
2025-07-24 00:12:26,669 - INFO - ✅ DuckDuckGo 搜索成功，获得 10 个结果
2025-07-24 00:12:26,669 - INFO - ✅ DDG 搜索完成，耗时: 1.17秒，获得 10 个结果
2025-07-24 00:12:26,669 - INFO - 📊 DDG 结果统计 - 新增: 10, 重复: 0
2025-07-24 00:12:27,679 - INFO - 🚀 开始 SOGOU 搜索...
2025-07-24 00:12:27,679 - INFO - 🔍 使用搜狗搜索: 行业发展阶段（导入期/成长期等）
2025-07-24 00:12:32,296 - INFO - ✅ 搜狗搜索成功，获得 10 个结果
2025-07-24 00:12:32,296 - INFO - ✅ SOGOU 搜索完成，耗时: 4.62秒，获得 10 个结果
2025-07-24 00:12:32,296 - INFO - 📊 SOGOU 结果统计 - 新增: 10, 重复: 0
2025-07-24 00:12:33,300 - INFO - 🚀 开始 GOOGLE 搜索...
2025-07-24 00:12:33,300 - INFO - 📰 使用 Google News 搜索: 行业发展阶段（导入期/成长期等）
2025-07-24 00:12:40,081 - INFO - ✅ Google News 搜索成功，获得 10 个结果
2025-07-24 00:12:40,081 - INFO - ✅ GOOGLE 搜索完成，耗时: 6.78秒，获得 10 个结果
2025-07-24 00:12:40,082 - INFO - 📊 GOOGLE 结果统计 - 新增: 10, 重复: 0
2025-07-24 00:12:41,085 - INFO - 🎯 搜索完成！总获得 30 个原始结果，去重后 30 个唯一结果
2025-07-24 00:12:41,085 - INFO - 📋 去重率: 0.0%
2025-07-24 00:12:41,086 - INFO - 💾 搜索结果已缓存到: search_cache\e03c91553edf6c794d1012da5ce2bdbd.json
