2025-07-24 00:12:56,099 - INFO - 📝 搜索引擎日志记录已启动，日志文件: logs/search_engine_20250724_001256.log
2025-07-24 00:12:56,099 - INFO - 🔍 搜索引擎初始化完成，使用引擎: ['ddg', 'sogou', 'google']
2025-07-24 00:12:56,099 - INFO - 📁 缓存目录: search_cache
2025-07-24 00:12:56,099 - INFO - ⏰ 缓存过期时间: 3 天
2025-07-24 00:12:56,100 - INFO - 📁 缓存不存在或已过期，进行网络搜索
2025-07-24 00:12:56,100 - INFO - 🔍 开始搜索，使用引擎: DDG,SOGOU,GOOGLE
2025-07-24 00:12:56,100 - INFO - 📝 搜索关键词: '头部企业名单'
2025-07-24 00:12:56,100 - INFO - 📊 最大结果数: 10
2025-07-24 00:12:56,100 - INFO - 🚀 开始 DDG 搜索...
2025-07-24 00:12:56,100 - INFO - 🦆 使用 DuckDuckGo 搜索: 头部企业名单
2025-07-24 00:12:58,829 - INFO - ✅ DuckDuckGo 搜索成功，获得 10 个结果
2025-07-24 00:12:58,829 - INFO - ✅ DDG 搜索完成，耗时: 2.73秒，获得 10 个结果
2025-07-24 00:12:58,829 - INFO - 📊 DDG 结果统计 - 新增: 10, 重复: 0
2025-07-24 00:12:59,837 - INFO - 🚀 开始 SOGOU 搜索...
2025-07-24 00:12:59,837 - INFO - 🔍 使用搜狗搜索: 头部企业名单
2025-07-24 00:13:04,401 - INFO - ✅ 搜狗搜索成功，获得 10 个结果
2025-07-24 00:13:04,401 - INFO - ✅ SOGOU 搜索完成，耗时: 4.56秒，获得 10 个结果
2025-07-24 00:13:04,401 - INFO - 📊 SOGOU 结果统计 - 新增: 10, 重复: 0
2025-07-24 00:13:05,410 - INFO - 🚀 开始 GOOGLE 搜索...
2025-07-24 00:13:05,410 - INFO - 📰 使用 Google News 搜索: 头部企业名单
2025-07-24 00:13:14,221 - INFO - ✅ Google News 搜索成功，获得 10 个结果
2025-07-24 00:13:14,221 - INFO - ✅ GOOGLE 搜索完成，耗时: 8.81秒，获得 10 个结果
2025-07-24 00:13:14,221 - INFO - 📊 GOOGLE 结果统计 - 新增: 10, 重复: 0
2025-07-24 00:13:15,236 - INFO - 🎯 搜索完成！总获得 30 个原始结果，去重后 30 个唯一结果
2025-07-24 00:13:15,236 - INFO - 📋 去重率: 0.0%
2025-07-24 00:13:15,237 - INFO - 💾 搜索结果已缓存到: search_cache\179a806ea534189a96537adde97c8967.json
