2025-07-23 23:38:57,737 - INFO - 📝 搜索引擎日志记录已启动，日志文件: logs/search_engine_20250723_233857.log
2025-07-23 23:38:57,737 - INFO - 🔍 搜索引擎初始化完成，使用引擎: ['ddg', 'sogou', 'google']
2025-07-23 23:38:57,737 - INFO - 📁 缓存目录: search_cache
2025-07-23 23:38:57,737 - INFO - ⏰ 缓存过期时间: 3 天
2025-07-23 23:42:51,022 - INFO - 📁 缓存不存在或已过期，进行网络搜索
2025-07-23 23:42:51,022 - INFO - 🔍 开始搜索，使用引擎: DDG,SOGOU,GOOGLE
2025-07-23 23:42:51,022 - INFO - 📝 搜索关键词: '4Paradigm 行业地位 市场份额 竞争分析 业务模式 发展战略'
2025-07-23 23:42:51,022 - INFO - 📊 最大结果数: 10
2025-07-23 23:42:51,022 - INFO - 🚀 开始 DDG 搜索...
2025-07-23 23:42:51,022 - INFO - 🦆 使用 DuckDuckGo 搜索: 4Paradigm 行业地位 市场份额 竞争分析 业务模式 发展战略
2025-07-23 23:42:55,551 - INFO - ✅ DuckDuckGo 搜索成功，获得 10 个结果
2025-07-23 23:42:55,551 - INFO - ✅ DDG 搜索完成，耗时: 4.53秒，获得 10 个结果
2025-07-23 23:42:55,551 - INFO - 📊 DDG 结果统计 - 新增: 10, 重复: 0
2025-07-23 23:42:56,563 - INFO - 🚀 开始 SOGOU 搜索...
2025-07-23 23:42:56,563 - INFO - 🔍 使用搜狗搜索: 4Paradigm 行业地位 市场份额 竞争分析 业务模式 发展战略
2025-07-23 23:43:00,904 - INFO - ✅ 搜狗搜索成功，获得 10 个结果
2025-07-23 23:43:00,904 - INFO - ✅ SOGOU 搜索完成，耗时: 4.34秒，获得 10 个结果
2025-07-23 23:43:00,905 - INFO - 📊 SOGOU 结果统计 - 新增: 10, 重复: 0
2025-07-23 23:43:01,905 - INFO - 🚀 开始 GOOGLE 搜索...
2025-07-23 23:43:01,905 - INFO - 📰 使用 Google News 搜索: 4Paradigm 行业地位 市场份额 竞争分析 业务模式 发展战略
2025-07-23 23:43:08,671 - INFO - ✅ Google News 搜索成功，获得 0 个结果
2025-07-23 23:43:08,671 - INFO - ✅ GOOGLE 搜索完成，耗时: 6.77秒，获得 0 个结果
2025-07-23 23:43:08,671 - INFO - 📊 GOOGLE 结果统计 - 新增: 0, 重复: 0
2025-07-23 23:43:09,678 - INFO - 🎯 搜索完成！总获得 20 个原始结果，去重后 20 个唯一结果
2025-07-23 23:43:09,678 - INFO - 📋 去重率: 0.0%
2025-07-23 23:43:09,679 - INFO - 💾 搜索结果已缓存到: search_cache\fdea02fc6fab29a48e32248cfb35a504.json
2025-07-23 23:43:11,795 - INFO - 📁 缓存不存在或已过期，进行网络搜索
2025-07-23 23:43:11,795 - INFO - 🔍 开始搜索，使用引擎: DDG,SOGOU,GOOGLE
2025-07-23 23:43:11,795 - INFO - 📝 搜索关键词: '商汤科技 行业地位 市场份额 竞争分析 业务模式 发展战略'
2025-07-23 23:43:11,795 - INFO - 📊 最大结果数: 10
2025-07-23 23:43:11,796 - INFO - 🚀 开始 DDG 搜索...
2025-07-23 23:43:11,796 - INFO - 🦆 使用 DuckDuckGo 搜索: 商汤科技 行业地位 市场份额 竞争分析 业务模式 发展战略
2025-07-23 23:43:15,184 - INFO - ✅ DuckDuckGo 搜索成功，获得 10 个结果
2025-07-23 23:43:15,184 - INFO - ✅ DDG 搜索完成，耗时: 3.39秒，获得 10 个结果
2025-07-23 23:43:15,185 - INFO - 📊 DDG 结果统计 - 新增: 10, 重复: 0
2025-07-23 23:43:16,190 - INFO - 🚀 开始 SOGOU 搜索...
2025-07-23 23:43:16,190 - INFO - 🔍 使用搜狗搜索: 商汤科技 行业地位 市场份额 竞争分析 业务模式 发展战略
2025-07-23 23:43:20,315 - INFO - ✅ 搜狗搜索成功，获得 10 个结果
2025-07-23 23:43:20,315 - INFO - ✅ SOGOU 搜索完成，耗时: 4.12秒，获得 10 个结果
2025-07-23 23:43:20,315 - INFO - 📊 SOGOU 结果统计 - 新增: 10, 重复: 0
2025-07-23 23:43:21,322 - INFO - 🚀 开始 GOOGLE 搜索...
2025-07-23 23:43:21,322 - INFO - 📰 使用 Google News 搜索: 商汤科技 行业地位 市场份额 竞争分析 业务模式 发展战略
2025-07-23 23:43:30,166 - INFO - ✅ Google News 搜索成功，获得 10 个结果
2025-07-23 23:43:30,166 - INFO - ✅ GOOGLE 搜索完成，耗时: 8.84秒，获得 10 个结果
2025-07-23 23:43:30,166 - INFO - 📊 GOOGLE 结果统计 - 新增: 10, 重复: 0
2025-07-23 23:43:31,182 - INFO - 🎯 搜索完成！总获得 30 个原始结果，去重后 30 个唯一结果
2025-07-23 23:43:31,182 - INFO - 📋 去重率: 0.0%
2025-07-23 23:43:31,192 - INFO - 💾 搜索结果已缓存到: search_cache\24ee5a05ec29966421dda31e1c801169.json
2025-07-23 23:43:33,320 - INFO - 📁 缓存不存在或已过期，进行网络搜索
2025-07-23 23:43:33,320 - INFO - 🔍 开始搜索，使用引擎: DDG,SOGOU,GOOGLE
2025-07-23 23:43:33,320 - INFO - 📝 搜索关键词: '云从科技 行业地位 市场份额 竞争分析 业务模式 发展战略'
2025-07-23 23:43:33,320 - INFO - 📊 最大结果数: 10
2025-07-23 23:43:33,320 - INFO - 🚀 开始 DDG 搜索...
2025-07-23 23:43:33,321 - INFO - 🦆 使用 DuckDuckGo 搜索: 云从科技 行业地位 市场份额 竞争分析 业务模式 发展战略
2025-07-23 23:43:37,750 - INFO - ✅ DuckDuckGo 搜索成功，获得 10 个结果
2025-07-23 23:43:37,750 - INFO - ✅ DDG 搜索完成，耗时: 4.43秒，获得 10 个结果
2025-07-23 23:43:37,750 - INFO - 📊 DDG 结果统计 - 新增: 10, 重复: 0
2025-07-23 23:43:38,751 - INFO - 🚀 开始 SOGOU 搜索...
2025-07-23 23:43:38,751 - INFO - 🔍 使用搜狗搜索: 云从科技 行业地位 市场份额 竞争分析 业务模式 发展战略
2025-07-23 23:43:50,274 - INFO - ✅ 搜狗搜索成功，获得 10 个结果
2025-07-23 23:43:50,274 - INFO - ✅ SOGOU 搜索完成，耗时: 11.52秒，获得 10 个结果
2025-07-23 23:43:50,275 - INFO - 📊 SOGOU 结果统计 - 新增: 10, 重复: 0
2025-07-23 23:43:51,283 - INFO - 🚀 开始 GOOGLE 搜索...
2025-07-23 23:43:51,283 - INFO - 📰 使用 Google News 搜索: 云从科技 行业地位 市场份额 竞争分析 业务模式 发展战略
2025-07-23 23:44:00,748 - INFO - ✅ Google News 搜索成功，获得 10 个结果
2025-07-23 23:44:00,748 - INFO - ✅ GOOGLE 搜索完成，耗时: 9.47秒，获得 10 个结果
2025-07-23 23:44:00,748 - INFO - 📊 GOOGLE 结果统计 - 新增: 10, 重复: 0
2025-07-23 23:44:01,758 - INFO - 🎯 搜索完成！总获得 30 个原始结果，去重后 30 个唯一结果
2025-07-23 23:44:01,758 - INFO - 📋 去重率: 0.0%
2025-07-23 23:44:01,759 - INFO - 💾 搜索结果已缓存到: search_cache\1bccb8e5c1c95e920b8ffd310c0f6976.json
2025-07-23 23:44:03,894 - INFO - 📁 缓存不存在或已过期，进行网络搜索
2025-07-23 23:44:03,894 - INFO - 🔍 开始搜索，使用引擎: DDG,SOGOU,GOOGLE
2025-07-23 23:44:03,894 - INFO - 📝 搜索关键词: '科大讯飞 行业地位 市场份额 竞争分析 业务模式 发展战略'
2025-07-23 23:44:03,894 - INFO - 📊 最大结果数: 10
2025-07-23 23:44:03,895 - INFO - 🚀 开始 DDG 搜索...
2025-07-23 23:44:03,895 - INFO - 🦆 使用 DuckDuckGo 搜索: 科大讯飞 行业地位 市场份额 竞争分析 业务模式 发展战略
2025-07-23 23:44:09,821 - INFO - ✅ DuckDuckGo 搜索成功，获得 5 个结果
2025-07-23 23:44:09,821 - INFO - ✅ DDG 搜索完成，耗时: 5.93秒，获得 5 个结果
2025-07-23 23:44:09,821 - INFO - 📊 DDG 结果统计 - 新增: 5, 重复: 0
2025-07-23 23:44:10,835 - INFO - 🚀 开始 SOGOU 搜索...
2025-07-23 23:44:10,835 - INFO - 🔍 使用搜狗搜索: 科大讯飞 行业地位 市场份额 竞争分析 业务模式 发展战略
2025-07-23 23:44:14,640 - INFO - ✅ 搜狗搜索成功，获得 10 个结果
2025-07-23 23:44:14,640 - INFO - ✅ SOGOU 搜索完成，耗时: 3.81秒，获得 10 个结果
2025-07-23 23:44:14,640 - INFO - 📊 SOGOU 结果统计 - 新增: 10, 重复: 0
2025-07-23 23:44:15,650 - INFO - 🚀 开始 GOOGLE 搜索...
2025-07-23 23:44:15,650 - INFO - 📰 使用 Google News 搜索: 科大讯飞 行业地位 市场份额 竞争分析 业务模式 发展战略
2025-07-23 23:44:24,919 - INFO - ✅ Google News 搜索成功，获得 10 个结果
2025-07-23 23:44:24,919 - INFO - ✅ GOOGLE 搜索完成，耗时: 9.27秒，获得 10 个结果
2025-07-23 23:44:24,920 - INFO - 📊 GOOGLE 结果统计 - 新增: 10, 重复: 0
2025-07-23 23:44:25,926 - INFO - 🎯 搜索完成！总获得 25 个原始结果，去重后 25 个唯一结果
2025-07-23 23:44:25,926 - INFO - 📋 去重率: 0.0%
2025-07-23 23:44:25,927 - INFO - 💾 搜索结果已缓存到: search_cache\671ff69782145bf5d50d7e785456d3e1.json
