2025-07-24 00:31:37,933 - INFO - 📝 搜索引擎日志记录已启动，日志文件: logs/search_engine_20250724_003137.log
2025-07-24 00:31:37,933 - INFO - 🔍 搜索引擎初始化完成，使用引擎: ['ddg', 'sogou', 'google']
2025-07-24 00:31:37,933 - INFO - 📁 缓存目录: search_cache
2025-07-24 00:31:37,934 - INFO - ⏰ 缓存过期时间: 3 天
2025-07-24 00:31:37,934 - INFO - 📁 缓存不存在或已过期，进行网络搜索
2025-07-24 00:31:37,934 - INFO - 🔍 开始搜索，使用引擎: DDG,SOGOU,GOOGLE
2025-07-24 00:31:37,934 - INFO - 📝 搜索关键词: '中国智能服务机器人产业规模'
2025-07-24 00:31:37,934 - INFO - 📊 最大结果数: 10
2025-07-24 00:31:37,934 - INFO - 🚀 开始 DDG 搜索...
2025-07-24 00:31:37,934 - INFO - 🦆 使用 DuckDuckGo 搜索: 中国智能服务机器人产业规模
2025-07-24 00:31:42,119 - INFO - ✅ DuckDuckGo 搜索成功，获得 9 个结果
2025-07-24 00:31:42,120 - INFO - ✅ DDG 搜索完成，耗时: 4.19秒，获得 9 个结果
2025-07-24 00:31:42,120 - INFO - 📊 DDG 结果统计 - 新增: 9, 重复: 0
2025-07-24 00:31:43,122 - INFO - 🚀 开始 SOGOU 搜索...
2025-07-24 00:31:43,122 - INFO - 🔍 使用搜狗搜索: 中国智能服务机器人产业规模
2025-07-24 00:31:52,997 - INFO - ✅ 搜狗搜索成功，获得 9 个结果
2025-07-24 00:31:52,998 - INFO - ✅ SOGOU 搜索完成，耗时: 9.88秒，获得 9 个结果
2025-07-24 00:31:52,998 - INFO - 📊 SOGOU 结果统计 - 新增: 9, 重复: 0
2025-07-24 00:31:54,000 - INFO - 🚀 开始 GOOGLE 搜索...
2025-07-24 00:31:54,000 - INFO - 📰 使用 Google News 搜索: 中国智能服务机器人产业规模
2025-07-24 00:32:05,295 - INFO - ✅ Google News 搜索成功，获得 10 个结果
2025-07-24 00:32:05,295 - INFO - ✅ GOOGLE 搜索完成，耗时: 11.29秒，获得 10 个结果
2025-07-24 00:32:05,295 - INFO - 📊 GOOGLE 结果统计 - 新增: 10, 重复: 0
2025-07-24 00:32:06,308 - INFO - 🎯 搜索完成！总获得 28 个原始结果，去重后 28 个唯一结果
2025-07-24 00:32:06,308 - INFO - 📋 去重率: 0.0%
2025-07-24 00:32:06,309 - INFO - 💾 搜索结果已缓存到: search_cache\6605b006e9b9babbe7f17b7b9fe4b880.json
