2025-07-24 00:11:05,432 - INFO - 📝 搜索引擎日志记录已启动，日志文件: logs/search_engine_20250724_001105.log
2025-07-24 00:11:05,432 - INFO - 🔍 搜索引擎初始化完成，使用引擎: ['ddg', 'sogou', 'google']
2025-07-24 00:11:05,433 - INFO - 📁 缓存目录: search_cache
2025-07-24 00:11:05,433 - INFO - ⏰ 缓存过期时间: 3 天
2025-07-24 00:11:05,433 - INFO - 📁 缓存不存在或已过期，进行网络搜索
2025-07-24 00:11:05,433 - INFO - 🔍 开始搜索，使用引擎: DDG,SOGOU,GOOGLE
2025-07-24 00:11:05,433 - INFO - 📝 搜索关键词: '智能服务机器人分类（商用/家用/医疗等）'
2025-07-24 00:11:05,433 - INFO - 📊 最大结果数: 10
2025-07-24 00:11:05,433 - INFO - 🚀 开始 DDG 搜索...
2025-07-24 00:11:05,433 - INFO - 🦆 使用 DuckDuckGo 搜索: 智能服务机器人分类（商用/家用/医疗等）
2025-07-24 00:11:13,678 - INFO - ✅ DuckDuckGo 搜索成功，获得 10 个结果
2025-07-24 00:11:13,679 - INFO - ✅ DDG 搜索完成，耗时: 8.25秒，获得 10 个结果
2025-07-24 00:11:13,679 - INFO - 📊 DDG 结果统计 - 新增: 10, 重复: 0
2025-07-24 00:11:14,689 - INFO - 🚀 开始 SOGOU 搜索...
2025-07-24 00:11:14,689 - INFO - 🔍 使用搜狗搜索: 智能服务机器人分类（商用/家用/医疗等）
2025-07-24 00:11:25,089 - INFO - ✅ 搜狗搜索成功，获得 10 个结果
2025-07-24 00:11:25,089 - INFO - ✅ SOGOU 搜索完成，耗时: 10.40秒，获得 10 个结果
2025-07-24 00:11:25,089 - INFO - 📊 SOGOU 结果统计 - 新增: 10, 重复: 0
2025-07-24 00:11:26,103 - INFO - 🚀 开始 GOOGLE 搜索...
2025-07-24 00:11:26,103 - INFO - 📰 使用 Google News 搜索: 智能服务机器人分类（商用/家用/医疗等）
2025-07-24 00:11:35,286 - INFO - ✅ Google News 搜索成功，获得 10 个结果
2025-07-24 00:11:35,286 - INFO - ✅ GOOGLE 搜索完成，耗时: 9.18秒，获得 10 个结果
2025-07-24 00:11:35,287 - INFO - 📊 GOOGLE 结果统计 - 新增: 10, 重复: 0
2025-07-24 00:11:36,287 - INFO - 🎯 搜索完成！总获得 30 个原始结果，去重后 30 个唯一结果
2025-07-24 00:11:36,287 - INFO - 📋 去重率: 0.0%
2025-07-24 00:11:36,289 - INFO - 💾 搜索结果已缓存到: search_cache\8d51781171f9fdf7727ddeaf9a4bf5f4.json
