2025-07-24 01:00:50,962 - INFO - 📝 搜索引擎日志记录已启动，日志文件: logs/search_engine_20250724_010050.log
2025-07-24 01:00:50,963 - INFO - 🔍 搜索引擎初始化完成，使用引擎: ['ddg', 'sogou', 'google']
2025-07-24 01:00:50,963 - INFO - 📁 缓存目录: search_cache
2025-07-24 01:00:50,963 - INFO - ⏰ 缓存过期时间: 3 天
2025-07-24 01:00:50,963 - INFO - 📁 缓存不存在或已过期，进行网络搜索
2025-07-24 01:00:50,963 - INFO - 🔍 开始搜索，使用引擎: DDG,SOGOU,GOOGLE
2025-07-24 01:00:50,963 - INFO - 📝 搜索关键词: '中国服务机器人应用场景分布'
2025-07-24 01:00:50,964 - INFO - 📊 最大结果数: 10
2025-07-24 01:00:50,964 - INFO - 🚀 开始 DDG 搜索...
2025-07-24 01:00:50,964 - INFO - 🦆 使用 DuckDuckGo 搜索: 中国服务机器人应用场景分布
2025-07-24 01:00:54,605 - INFO - ✅ DuckDuckGo 搜索成功，获得 6 个结果
2025-07-24 01:00:54,605 - INFO - ✅ DDG 搜索完成，耗时: 3.64秒，获得 6 个结果
2025-07-24 01:00:54,606 - INFO - 📊 DDG 结果统计 - 新增: 6, 重复: 0
2025-07-24 01:00:55,609 - INFO - 🚀 开始 SOGOU 搜索...
2025-07-24 01:00:55,609 - INFO - 🔍 使用搜狗搜索: 中国服务机器人应用场景分布
2025-07-24 01:00:59,550 - INFO - ✅ 搜狗搜索成功，获得 10 个结果
2025-07-24 01:00:59,550 - INFO - ✅ SOGOU 搜索完成，耗时: 3.94秒，获得 10 个结果
2025-07-24 01:00:59,551 - INFO - 📊 SOGOU 结果统计 - 新增: 10, 重复: 0
2025-07-24 01:01:00,559 - INFO - 🚀 开始 GOOGLE 搜索...
2025-07-24 01:01:00,559 - INFO - 📰 使用 Google News 搜索: 中国服务机器人应用场景分布
2025-07-24 01:01:10,435 - INFO - ✅ Google News 搜索成功，获得 10 个结果
2025-07-24 01:01:10,435 - INFO - ✅ GOOGLE 搜索完成，耗时: 9.88秒，获得 10 个结果
2025-07-24 01:01:10,435 - INFO - 📊 GOOGLE 结果统计 - 新增: 10, 重复: 0
2025-07-24 01:01:11,444 - INFO - 🎯 搜索完成！总获得 26 个原始结果，去重后 26 个唯一结果
2025-07-24 01:01:11,444 - INFO - 📋 去重率: 0.0%
2025-07-24 01:01:11,453 - INFO - 💾 搜索结果已缓存到: search_cache\86db36496239d95ac566f69a4570fdd5.json
