2025-07-24 00:33:02,150 - INFO - 📝 搜索引擎日志记录已启动，日志文件: logs/search_engine_20250724_003302.log
2025-07-24 00:33:02,150 - INFO - 🔍 搜索引擎初始化完成，使用引擎: ['ddg', 'sogou', 'google']
2025-07-24 00:33:02,150 - INFO - 📁 缓存目录: search_cache
2025-07-24 00:33:02,150 - INFO - ⏰ 缓存过期时间: 3 天
2025-07-24 00:33:02,151 - INFO - 📁 缓存不存在或已过期，进行网络搜索
2025-07-24 00:33:02,151 - INFO - 🔍 开始搜索，使用引擎: DDG,SOGOU,GOOGLE
2025-07-24 00:33:02,151 - INFO - 📝 搜索关键词: '服务机器人技术专利'
2025-07-24 00:33:02,151 - INFO - 📊 最大结果数: 10
2025-07-24 00:33:02,151 - INFO - 🚀 开始 DDG 搜索...
2025-07-24 00:33:02,151 - INFO - 🦆 使用 DuckDuckGo 搜索: 服务机器人技术专利
2025-07-24 00:33:03,711 - INFO - ✅ DuckDuckGo 搜索成功，获得 10 个结果
2025-07-24 00:33:03,712 - INFO - ✅ DDG 搜索完成，耗时: 1.56秒，获得 10 个结果
2025-07-24 00:33:03,712 - INFO - 📊 DDG 结果统计 - 新增: 10, 重复: 0
2025-07-24 00:33:04,716 - INFO - 🚀 开始 SOGOU 搜索...
2025-07-24 00:33:04,716 - INFO - 🔍 使用搜狗搜索: 服务机器人技术专利
2025-07-24 00:33:16,930 - INFO - ✅ 搜狗搜索成功，获得 10 个结果
2025-07-24 00:33:16,930 - INFO - ✅ SOGOU 搜索完成，耗时: 12.21秒，获得 10 个结果
2025-07-24 00:33:16,931 - INFO - 📊 SOGOU 结果统计 - 新增: 9, 重复: 1
2025-07-24 00:33:17,941 - INFO - 🚀 开始 GOOGLE 搜索...
2025-07-24 00:33:17,941 - INFO - 📰 使用 Google News 搜索: 服务机器人技术专利
2025-07-24 00:33:26,628 - INFO - ✅ Google News 搜索成功，获得 10 个结果
2025-07-24 00:33:26,628 - INFO - ✅ GOOGLE 搜索完成，耗时: 8.69秒，获得 10 个结果
2025-07-24 00:33:26,629 - INFO - 📊 GOOGLE 结果统计 - 新增: 10, 重复: 0
2025-07-24 00:33:27,644 - INFO - 🎯 搜索完成！总获得 30 个原始结果，去重后 29 个唯一结果
2025-07-24 00:33:27,644 - INFO - 📋 去重率: 3.3%
2025-07-24 00:33:27,645 - INFO - 💾 搜索结果已缓存到: search_cache\a8dd1852f89a7c073cf027c1c06abfc0.json
