2025-07-24 00:34:20,846 - INFO - 📝 搜索引擎日志记录已启动，日志文件: logs/search_engine_20250724_003420.log
2025-07-24 00:34:20,847 - INFO - 🔍 搜索引擎初始化完成，使用引擎: ['ddg', 'sogou', 'google']
2025-07-24 00:34:20,847 - INFO - 📁 缓存目录: search_cache
2025-07-24 00:34:20,847 - INFO - ⏰ 缓存过期时间: 3 天
2025-07-24 00:34:20,847 - INFO - 📁 缓存不存在或已过期，进行网络搜索
2025-07-24 00:34:20,847 - INFO - 🔍 开始搜索，使用引擎: DDG,SOGOU,GOOGLE
2025-07-24 00:34:20,848 - INFO - 📝 搜索关键词: '服务机器人应用场景'
2025-07-24 00:34:20,848 - INFO - 📊 最大结果数: 10
2025-07-24 00:34:20,848 - INFO - 🚀 开始 DDG 搜索...
2025-07-24 00:34:20,848 - INFO - 🦆 使用 DuckDuckGo 搜索: 服务机器人应用场景
2025-07-24 00:34:24,980 - INFO - ✅ DuckDuckGo 搜索成功，获得 10 个结果
2025-07-24 00:34:24,981 - INFO - ✅ DDG 搜索完成，耗时: 4.13秒，获得 10 个结果
2025-07-24 00:34:24,981 - INFO - 📊 DDG 结果统计 - 新增: 10, 重复: 0
2025-07-24 00:34:25,989 - INFO - 🚀 开始 SOGOU 搜索...
2025-07-24 00:34:25,989 - INFO - 🔍 使用搜狗搜索: 服务机器人应用场景
2025-07-24 00:34:30,737 - INFO - ✅ 搜狗搜索成功，获得 10 个结果
2025-07-24 00:34:30,737 - INFO - ✅ SOGOU 搜索完成，耗时: 4.75秒，获得 10 个结果
2025-07-24 00:34:30,737 - INFO - 📊 SOGOU 结果统计 - 新增: 10, 重复: 0
2025-07-24 00:34:31,739 - INFO - 🚀 开始 GOOGLE 搜索...
2025-07-24 00:34:31,739 - INFO - 📰 使用 Google News 搜索: 服务机器人应用场景
2025-07-24 00:34:40,121 - INFO - ✅ Google News 搜索成功，获得 10 个结果
2025-07-24 00:34:40,121 - INFO - ✅ GOOGLE 搜索完成，耗时: 8.38秒，获得 10 个结果
2025-07-24 00:34:40,122 - INFO - 📊 GOOGLE 结果统计 - 新增: 10, 重复: 0
2025-07-24 00:34:41,124 - INFO - 🎯 搜索完成！总获得 30 个原始结果，去重后 30 个唯一结果
2025-07-24 00:34:41,124 - INFO - 📋 去重率: 0.0%
2025-07-24 00:34:41,125 - INFO - 💾 搜索结果已缓存到: search_cache\9a2249501a3f518cf37576676d35eceb.json
