2025-07-23 23:45:27,091 - INFO - 📝 搜索引擎日志记录已启动，日志文件: logs/search_engine_20250723_234527.log
2025-07-23 23:45:27,091 - INFO - 🔍 搜索引擎初始化完成，使用引擎: ['ddg', 'sogou', 'google']
2025-07-23 23:45:27,091 - INFO - 📁 缓存目录: search_cache
2025-07-23 23:45:27,092 - INFO - ⏰ 缓存过期时间: 3 天
2025-07-23 23:45:27,092 - INFO - 📁 缓存不存在或已过期，进行网络搜索
2025-07-23 23:45:27,092 - INFO - 🔍 开始搜索，使用引擎: DDG,SOGOU,GOOGLE
2025-07-23 23:45:27,092 - INFO - 📝 搜索关键词: '中国服务机器人龙头企业'
2025-07-23 23:45:27,092 - INFO - 📊 最大结果数: 10
2025-07-23 23:45:27,092 - INFO - 🚀 开始 DDG 搜索...
2025-07-23 23:45:27,092 - INFO - 🦆 使用 DuckDuckGo 搜索: 中国服务机器人龙头企业
2025-07-23 23:45:28,581 - INFO - ✅ DuckDuckGo 搜索成功，获得 10 个结果
2025-07-23 23:45:28,581 - INFO - ✅ DDG 搜索完成，耗时: 1.49秒，获得 10 个结果
2025-07-23 23:45:28,581 - INFO - 📊 DDG 结果统计 - 新增: 10, 重复: 0
2025-07-23 23:45:29,597 - INFO - 🚀 开始 SOGOU 搜索...
2025-07-23 23:45:29,597 - INFO - 🔍 使用搜狗搜索: 中国服务机器人龙头企业
2025-07-23 23:45:40,344 - INFO - ✅ 搜狗搜索成功，获得 10 个结果
2025-07-23 23:45:40,344 - INFO - ✅ SOGOU 搜索完成，耗时: 10.75秒，获得 10 个结果
2025-07-23 23:45:40,344 - INFO - 📊 SOGOU 结果统计 - 新增: 10, 重复: 0
2025-07-23 23:45:41,356 - INFO - 🚀 开始 GOOGLE 搜索...
2025-07-23 23:45:41,356 - INFO - 📰 使用 Google News 搜索: 中国服务机器人龙头企业
2025-07-23 23:45:48,647 - INFO - ✅ Google News 搜索成功，获得 10 个结果
2025-07-23 23:45:48,647 - INFO - ✅ GOOGLE 搜索完成，耗时: 7.29秒，获得 10 个结果
2025-07-23 23:45:48,647 - INFO - 📊 GOOGLE 结果统计 - 新增: 10, 重复: 0
2025-07-23 23:45:49,660 - INFO - 🎯 搜索完成！总获得 30 个原始结果，去重后 30 个唯一结果
2025-07-23 23:45:49,660 - INFO - 📋 去重率: 0.0%
2025-07-23 23:45:49,661 - INFO - 💾 搜索结果已缓存到: search_cache\70f8a6819986d00e5924355b4509dc4f.json
