2025-07-24 00:11:51,300 - INFO - 📝 搜索引擎日志记录已启动，日志文件: logs/search_engine_20250724_001151.log
2025-07-24 00:11:51,300 - INFO - 🔍 搜索引擎初始化完成，使用引擎: ['ddg', 'sogou', 'google']
2025-07-24 00:11:51,300 - INFO - 📁 缓存目录: search_cache
2025-07-24 00:11:51,300 - INFO - ⏰ 缓存过期时间: 3 天
2025-07-24 00:11:51,300 - INFO - 📁 缓存不存在或已过期，进行网络搜索
2025-07-24 00:11:51,300 - INFO - 🔍 开始搜索，使用引擎: DDG,SOGOU,GOOGLE
2025-07-24 00:11:51,300 - INFO - 📝 搜索关键词: '中国智能服务机器人产业链'
2025-07-24 00:11:51,300 - INFO - 📊 最大结果数: 10
2025-07-24 00:11:51,300 - INFO - 🚀 开始 DDG 搜索...
2025-07-24 00:11:51,302 - INFO - 🦆 使用 DuckDuckGo 搜索: 中国智能服务机器人产业链
2025-07-24 00:11:54,963 - INFO - ✅ DuckDuckGo 搜索成功，获得 10 个结果
2025-07-24 00:11:54,964 - INFO - ✅ DDG 搜索完成，耗时: 3.66秒，获得 10 个结果
2025-07-24 00:11:54,964 - INFO - 📊 DDG 结果统计 - 新增: 10, 重复: 0
2025-07-24 00:11:55,964 - INFO - 🚀 开始 SOGOU 搜索...
2025-07-24 00:11:55,964 - INFO - 🔍 使用搜狗搜索: 中国智能服务机器人产业链
2025-07-24 00:12:00,035 - INFO - ✅ 搜狗搜索成功，获得 10 个结果
2025-07-24 00:12:00,035 - INFO - ✅ SOGOU 搜索完成，耗时: 4.07秒，获得 10 个结果
2025-07-24 00:12:00,035 - INFO - 📊 SOGOU 结果统计 - 新增: 10, 重复: 0
2025-07-24 00:12:01,043 - INFO - 🚀 开始 GOOGLE 搜索...
2025-07-24 00:12:01,043 - INFO - 📰 使用 Google News 搜索: 中国智能服务机器人产业链
2025-07-24 00:12:09,494 - INFO - ✅ Google News 搜索成功，获得 10 个结果
2025-07-24 00:12:09,494 - INFO - ✅ GOOGLE 搜索完成，耗时: 8.45秒，获得 10 个结果
2025-07-24 00:12:09,495 - INFO - 📊 GOOGLE 结果统计 - 新增: 10, 重复: 0
2025-07-24 00:12:10,497 - INFO - 🎯 搜索完成！总获得 30 个原始结果，去重后 30 个唯一结果
2025-07-24 00:12:10,497 - INFO - 📋 去重率: 0.0%
2025-07-24 00:12:10,498 - INFO - 💾 搜索结果已缓存到: search_cache\94f4539757c6b5c6bb2874c8d77c4f54.json
